#DE1
        strategy='rand1bin',
        maxiter=maxiter,
        popsize=popsize_per_dim,
        init=init_pop,
        mutation=(0.6, 0.9),
        recombination=0.3,
        tol=1e-6,
D = 4 NP_total = 400 popsize_per_dim = 100
init_pop.shape = (400, 4) dtype= float64
differential_evolution step 1: f(x)= -3.049999999999979
differential_evolution step 2: f(x)= -3.049999999999979
differential_evolution step 3: f(x)= -3.049999999999979
differential_evolution step 4: f(x)= -3.049999999999979
differential_evolution step 5: f(x)= -3.049999999999979
differential_evolution step 6: f(x)= -3.049999999999979
differential_evolution step 7: f(x)= -3.049999999999979
differential_evolution step 8: f(x)= -3.049999999999979
differential_evolution step 9: f(x)= -3.049999999999979
differential_evolution step 10: f(x)= -3.099999999999978
differential_evolution step 11: f(x)= -3.099999999999978
differential_evolution step 12: f(x)= -3.099999999999978
differential_evolution step 13: f(x)= -3.099999999999978
differential_evolution step 14: f(x)= -3.099999999999978
differential_evolution step 15: f(x)= -3.099999999999978
differential_evolution step 16: f(x)= -3.099999999999978
differential_evolution step 17: f(x)= -3.099999999999978
differential_evolution step 18: f(x)= -3.099999999999978
differential_evolution step 19: f(x)= -3.099999999999978
differential_evolution step 20: f(x)= -3.659999999999966
differential_evolution step 21: f(x)= -3.659999999999966
differential_evolution step 22: f(x)= -3.659999999999966
differential_evolution step 23: f(x)= -3.659999999999966
differential_evolution step 24: f(x)= -3.659999999999966
differential_evolution step 25: f(x)= -3.659999999999966
differential_evolution step 26: f(x)= -3.659999999999966
differential_evolution step 27: f(x)= -3.659999999999966
differential_evolution step 28: f(x)= -3.659999999999966
differential_evolution step 29: f(x)= -3.659999999999966
differential_evolution step 30: f(x)= -3.659999999999966
differential_evolution step 31: f(x)= -3.659999999999966
differential_evolution step 32: f(x)= -3.659999999999966
differential_evolution step 33: f(x)= -3.659999999999966
differential_evolution step 34: f(x)= -3.659999999999966
differential_evolution step 35: f(x)= -4.569999999999947
differential_evolution step 36: f(x)= -4.569999999999947
differential_evolution step 37: f(x)= -4.569999999999947
differential_evolution step 38: f(x)= -4.569999999999947
differential_evolution step 39: f(x)= -4.569999999999947
differential_evolution step 40: f(x)= -4.569999999999947
differential_evolution step 41: f(x)= -4.569999999999947
differential_evolution step 42: f(x)= -4.569999999999947
differential_evolution step 43: f(x)= -4.569999999999947
differential_evolution step 44: f(x)= -4.569999999999947
differential_evolution step 45: f(x)= -4.569999999999947
differential_evolution step 46: f(x)= -4.569999999999947
differential_evolution step 47: f(x)= -4.569999999999947
differential_evolution step 48: f(x)= -4.569999999999947
differential_evolution step 49: f(x)= -4.569999999999947
differential_evolution step 50: f(x)= -4.569999999999947
differential_evolution step 51: f(x)= -4.569999999999947
differential_evolution step 52: f(x)= -4.569999999999947
differential_evolution step 53: f(x)= -4.569999999999947
differential_evolution step 54: f(x)= -4.569999999999947
differential_evolution step 55: f(x)= -4.569999999999947
differential_evolution step 56: f(x)= -4.569999999999947
differential_evolution step 57: f(x)= -4.569999999999947
differential_evolution step 58: f(x)= -4.569999999999947
differential_evolution step 59: f(x)= -4.569999999999947
differential_evolution step 60: f(x)= -4.569999999999947
differential_evolution step 61: f(x)= -4.569999999999947
differential_evolution step 62: f(x)= -4.569999999999947
differential_evolution step 63: f(x)= -4.569999999999947
differential_evolution step 64: f(x)= -4.569999999999947
differential_evolution step 65: f(x)= -4.569999999999947
differential_evolution step 66: f(x)= -4.569999999999947
differential_evolution step 67: f(x)= -4.569999999999947
differential_evolution step 68: f(x)= -4.569999999999947
differential_evolution step 69: f(x)= -4.569999999999947
differential_evolution step 70: f(x)= -4.569999999999947
differential_evolution step 71: f(x)= -4.569999999999947
differential_evolution step 72: f(x)= -4.569999999999947
differential_evolution step 73: f(x)= -4.569999999999947
differential_evolution step 74: f(x)= -4.569999999999947
differential_evolution step 75: f(x)= -4.569999999999947
differential_evolution step 76: f(x)= -4.569999999999947
differential_evolution step 77: f(x)= -4.569999999999947
differential_evolution step 78: f(x)= -4.569999999999947
differential_evolution step 79: f(x)= -4.569999999999947
differential_evolution step 80: f(x)= -4.569999999999947
differential_evolution step 81: f(x)= -4.569999999999947
differential_evolution step 82: f(x)= -4.569999999999947
differential_evolution step 83: f(x)= -4.569999999999947
differential_evolution step 84: f(x)= -4.569999999999947
differential_evolution step 85: f(x)= -4.569999999999947
differential_evolution step 86: f(x)= -4.569999999999947
differential_evolution step 87: f(x)= -4.569999999999947
differential_evolution step 88: f(x)= -4.569999999999947
differential_evolution step 89: f(x)= -4.569999999999947
differential_evolution step 90: f(x)= -4.569999999999947
differential_evolution step 91: f(x)= -4.569999999999947
differential_evolution step 92: f(x)= -4.569999999999947
differential_evolution step 93: f(x)= -4.569999999999947
differential_evolution step 94: f(x)= -4.569999999999947
differential_evolution step 95: f(x)= -4.569999999999947
differential_evolution step 96: f(x)= -4.569999999999947
differential_evolution step 97: f(x)= -4.569999999999947
differential_evolution step 98: f(x)= -4.569999999999947
differential_evolution step 99: f(x)= -4.569999999999947
differential_evolution step 100: f(x)= -4.569999999999947
differential_evolution step 101: f(x)= -4.569999999999947
differential_evolution step 102: f(x)= -4.569999999999947
differential_evolution step 103: f(x)= -4.569999999999947
differential_evolution step 104: f(x)= -4.569999999999947
differential_evolution step 105: f(x)= -4.569999999999947
differential_evolution step 106: f(x)= -4.569999999999947
differential_evolution step 107: f(x)= -4.569999999999947
differential_evolution step 108: f(x)= -4.569999999999947
differential_evolution step 109: f(x)= -4.569999999999947
differential_evolution step 110: f(x)= -4.569999999999947
differential_evolution step 111: f(x)= -4.569999999999947
differential_evolution step 112: f(x)= -4.569999999999947
differential_evolution step 113: f(x)= -4.569999999999947
differential_evolution step 114: f(x)= -4.569999999999947
differential_evolution step 115: f(x)= -4.569999999999947
differential_evolution step 116: f(x)= -4.569999999999947
differential_evolution step 117: f(x)= -4.569999999999947
differential_evolution step 118: f(x)= -4.569999999999947
differential_evolution step 119: f(x)= -4.569999999999947
differential_evolution step 120: f(x)= -4.569999999999947
differential_evolution step 121: f(x)= -4.569999999999947
differential_evolution step 122: f(x)= -4.569999999999947
differential_evolution step 123: f(x)= -4.569999999999947
differential_evolution step 124: f(x)= -4.569999999999947
differential_evolution step 125: f(x)= -4.569999999999947
differential_evolution step 126: f(x)= -4.569999999999947
differential_evolution step 127: f(x)= -4.569999999999947
differential_evolution step 128: f(x)= -4.569999999999947
differential_evolution step 129: f(x)= -4.569999999999947
differential_evolution step 130: f(x)= -4.569999999999947
differential_evolution step 131: f(x)= -4.569999999999947
differential_evolution step 132: f(x)= -4.569999999999947
differential_evolution step 133: f(x)= -4.569999999999947
differential_evolution step 134: f(x)= -4.569999999999947
differential_evolution step 135: f(x)= -4.569999999999947
differential_evolution step 136: f(x)= -4.569999999999947
differential_evolution step 137: f(x)= -4.569999999999947
differential_evolution step 138: f(x)= -4.569999999999947
differential_evolution step 139: f(x)= -4.569999999999947
differential_evolution step 140: f(x)= -4.569999999999947
differential_evolution step 141: f(x)= -4.569999999999947
differential_evolution step 142: f(x)= -4.569999999999947
differential_evolution step 143: f(x)= -4.569999999999947
differential_evolution step 144: f(x)= -4.569999999999947
differential_evolution step 145: f(x)= -4.569999999999947
differential_evolution step 146: f(x)= -4.569999999999947
differential_evolution step 147: f(x)= -4.569999999999947
differential_evolution step 148: f(x)= -4.569999999999947
differential_evolution step 149: f(x)= -4.569999999999947
differential_evolution step 150: f(x)= -4.569999999999947
differential_evolution step 151: f(x)= -4.569999999999947
differential_evolution step 152: f(x)= -4.569999999999947
differential_evolution step 153: f(x)= -4.569999999999947
differential_evolution step 154: f(x)= -4.569999999999947
differential_evolution step 155: f(x)= -4.569999999999947
differential_evolution step 156: f(x)= -4.569999999999947
differential_evolution step 157: f(x)= -4.569999999999947
differential_evolution step 158: f(x)= -4.569999999999947
differential_evolution step 159: f(x)= -4.569999999999947
differential_evolution step 160: f(x)= -4.569999999999947
differential_evolution step 161: f(x)= -4.569999999999947
differential_evolution step 162: f(x)= -4.569999999999947
differential_evolution step 163: f(x)= -4.569999999999947
differential_evolution step 164: f(x)= -4.569999999999947
differential_evolution step 165: f(x)= -4.569999999999947
differential_evolution step 166: f(x)= -4.569999999999947
differential_evolution step 167: f(x)= -4.569999999999947
differential_evolution step 168: f(x)= -4.569999999999947
differential_evolution step 169: f(x)= -4.569999999999947
differential_evolution step 170: f(x)= -4.569999999999947
differential_evolution step 171: f(x)= -4.569999999999947
differential_evolution step 172: f(x)= -4.569999999999947
differential_evolution step 173: f(x)= -4.569999999999947
differential_evolution step 174: f(x)= -4.569999999999947
differential_evolution step 175: f(x)= -4.569999999999947
differential_evolution step 176: f(x)= -4.569999999999947
differential_evolution step 177: f(x)= -4.569999999999947
differential_evolution step 178: f(x)= -4.569999999999947
differential_evolution step 179: f(x)= -4.569999999999947
differential_evolution step 180: f(x)= -4.569999999999947
differential_evolution step 181: f(x)= -4.569999999999947
differential_evolution step 182: f(x)= -4.569999999999947
differential_evolution step 183: f(x)= -4.569999999999947
differential_evolution step 184: f(x)= -4.569999999999947
differential_evolution step 185: f(x)= -4.569999999999947
differential_evolution step 186: f(x)= -4.569999999999947
differential_evolution step 187: f(x)= -4.569999999999947
differential_evolution step 188: f(x)= -4.569999999999947
differential_evolution step 189: f(x)= -4.569999999999947
differential_evolution step 190: f(x)= -4.569999999999947
differential_evolution step 191: f(x)= -4.569999999999947
differential_evolution step 192: f(x)= -4.569999999999947
differential_evolution step 193: f(x)= -4.569999999999947
differential_evolution step 194: f(x)= -4.569999999999947
differential_evolution step 195: f(x)= -4.569999999999947
differential_evolution step 196: f(x)= -4.569999999999947
differential_evolution step 197: f(x)= -4.569999999999947
differential_evolution step 198: f(x)= -4.569999999999947
differential_evolution step 199: f(x)= -4.569999999999947
differential_evolution step 200: f(x)= -4.569999999999947
differential_evolution step 201: f(x)= -4.569999999999947
differential_evolution step 202: f(x)= -4.569999999999947
differential_evolution step 203: f(x)= -4.569999999999947
differential_evolution step 204: f(x)= -4.569999999999947
differential_evolution step 205: f(x)= -4.569999999999947
differential_evolution step 206: f(x)= -4.569999999999947
differential_evolution step 207: f(x)= -4.569999999999947
differential_evolution step 208: f(x)= -4.569999999999947
differential_evolution step 209: f(x)= -4.569999999999947
differential_evolution step 210: f(x)= -4.569999999999947
differential_evolution step 211: f(x)= -4.569999999999947
differential_evolution step 212: f(x)= -4.569999999999947
differential_evolution step 213: f(x)= -4.569999999999947
differential_evolution step 214: f(x)= -4.569999999999947
differential_evolution step 215: f(x)= -4.569999999999947
differential_evolution step 216: f(x)= -4.569999999999947
differential_evolution step 217: f(x)= -4.569999999999947
differential_evolution step 218: f(x)= -4.569999999999947
differential_evolution step 219: f(x)= -4.569999999999947
differential_evolution step 220: f(x)= -4.569999999999947
differential_evolution step 221: f(x)= -4.569999999999947
differential_evolution step 222: f(x)= -4.569999999999947
differential_evolution step 223: f(x)= -4.569999999999947
differential_evolution step 224: f(x)= -4.569999999999947
differential_evolution step 225: f(x)= -4.569999999999947
differential_evolution step 226: f(x)= -4.569999999999947
differential_evolution step 227: f(x)= -4.569999999999947
differential_evolution step 228: f(x)= -4.569999999999947
differential_evolution step 229: f(x)= -4.569999999999947
differential_evolution step 230: f(x)= -4.569999999999947
differential_evolution step 231: f(x)= -4.569999999999947
differential_evolution step 232: f(x)= -4.569999999999947
differential_evolution step 233: f(x)= -4.569999999999947
differential_evolution step 234: f(x)= -4.569999999999947
differential_evolution step 235: f(x)= -4.569999999999947
differential_evolution step 236: f(x)= -4.569999999999947
differential_evolution step 237: f(x)= -4.569999999999947
differential_evolution step 238: f(x)= -4.569999999999947
differential_evolution step 239: f(x)= -4.569999999999947
differential_evolution step 240: f(x)= -4.569999999999947
differential_evolution step 241: f(x)= -4.569999999999947
differential_evolution step 242: f(x)= -4.569999999999947
differential_evolution step 243: f(x)= -4.569999999999947
differential_evolution step 244: f(x)= -4.569999999999947
differential_evolution step 245: f(x)= -4.569999999999947
differential_evolution step 246: f(x)= -4.569999999999947
differential_evolution step 247: f(x)= -4.569999999999947
differential_evolution step 248: f(x)= -4.569999999999947
differential_evolution step 249: f(x)= -4.569999999999947
differential_evolution step 250: f(x)= -4.569999999999947
differential_evolution step 251: f(x)= -4.569999999999947
differential_evolution step 252: f(x)= -4.569999999999947
differential_evolution step 253: f(x)= -4.569999999999947
differential_evolution step 254: f(x)= -4.569999999999947
differential_evolution step 255: f(x)= -4.569999999999947
differential_evolution step 256: f(x)= -4.569999999999947
differential_evolution step 257: f(x)= -4.569999999999947
differential_evolution step 258: f(x)= -4.569999999999947
differential_evolution step 259: f(x)= -4.569999999999947
differential_evolution step 260: f(x)= -4.569999999999947
differential_evolution step 261: f(x)= -4.569999999999947
differential_evolution step 262: f(x)= -4.569999999999947
differential_evolution step 263: f(x)= -4.569999999999947
differential_evolution step 264: f(x)= -4.569999999999947
differential_evolution step 265: f(x)= -4.569999999999947
differential_evolution step 266: f(x)= -4.569999999999947
differential_evolution step 267: f(x)= -4.569999999999947
differential_evolution step 268: f(x)= -4.569999999999947
differential_evolution step 269: f(x)= -4.569999999999947
differential_evolution step 270: f(x)= -4.569999999999947
differential_evolution step 271: f(x)= -4.569999999999947
differential_evolution step 272: f(x)= -4.569999999999947
differential_evolution step 273: f(x)= -4.569999999999947
differential_evolution step 274: f(x)= -4.569999999999947
differential_evolution step 275: f(x)= -4.569999999999947
differential_evolution step 276: f(x)= -4.569999999999947
differential_evolution step 277: f(x)= -4.569999999999947
differential_evolution step 278: f(x)= -4.569999999999947
differential_evolution step 279: f(x)= -4.569999999999947
differential_evolution step 280: f(x)= -4.569999999999947
differential_evolution step 281: f(x)= -4.569999999999947
differential_evolution step 282: f(x)= -4.569999999999947
differential_evolution step 283: f(x)= -4.569999999999947
differential_evolution step 284: f(x)= -4.569999999999947
differential_evolution step 285: f(x)= -4.569999999999947
differential_evolution step 286: f(x)= -4.569999999999947
differential_evolution step 287: f(x)= -4.569999999999947
differential_evolution step 288: f(x)= -4.569999999999947
differential_evolution step 289: f(x)= -4.569999999999947
differential_evolution step 290: f(x)= -4.569999999999947
differential_evolution step 291: f(x)= -4.569999999999947
differential_evolution step 292: f(x)= -4.569999999999947
differential_evolution step 293: f(x)= -4.569999999999947
differential_evolution step 294: f(x)= -4.569999999999947
differential_evolution step 295: f(x)= -4.569999999999947
differential_evolution step 296: f(x)= -4.569999999999947
differential_evolution step 297: f(x)= -4.569999999999947
differential_evolution step 298: f(x)= -4.569999999999947
differential_evolution step 299: f(x)= -4.569999999999947
differential_evolution step 300: f(x)= -4.569999999999947

DE 最优解 (raw): [1.05234575e-01 1.38261644e+02 4.69431348e-01 1.77814276e-01]
DE 最优遮蔽时长 (s): 4.569999999999947

开始局部精调（Nelder-Mead）...
Nelder-Mead 结果: [1.02603711e-01 1.40854050e+02 4.78233186e-01 1.81148294e-01] 遮蔽 (s): 4.579999999999947

最终解: [1.02603711e-01 1.40854050e+02 4.78233186e-01 1.81148294e-01] 最终遮蔽时长(s): 4.579999999999947

Problem 2 solved. Best params (theta [rad], v [m/s], t_drop [s], tau [s]):
[1.02603711e-01 1.40854050e+02 4.78233186e-01 1.81148294e-01]

#DE-2
        strategy='rand1bin',
        maxiter=maxiter,
        popsize=popsize_per_dim,
        init=init_pop,
        mutation=(0.6, 0.9),
        recombination=0.3,
        tol=1e-6,

     for theta in [0.17, 0.17 + 0.1, 0.17 - 0.1]:
        for v in [80, 100, 120]:
            for t_drop in [1.0, 2.5, 5.0]:
                for tau in [0.5, 2.0, 4.0]:


D = 4 NP_total = 100 popsize_per_dim = 25
init_pop.shape = (100, 4) dtype= float64
differential_evolution step 1: f(x)= -4.539999999999948
differential_evolution step 2: f(x)= -4.539999999999948
differential_evolution step 3: f(x)= -4.539999999999948
differential_evolution step 4: f(x)= -4.539999999999948
differential_evolution step 5: f(x)= -4.539999999999948
differential_evolution step 6: f(x)= -4.539999999999948
differential_evolution step 7: f(x)= -4.549999999999947
differential_evolution step 8: f(x)= -4.549999999999947
differential_evolution step 9: f(x)= -4.549999999999947
differential_evolution step 10: f(x)= -4.549999999999947
differential_evolution step 11: f(x)= -4.549999999999947
differential_evolution step 12: f(x)= -4.549999999999947
differential_evolution step 13: f(x)= -4.549999999999947
differential_evolution step 14: f(x)= -4.549999999999947
differential_evolution step 15: f(x)= -4.549999999999947
differential_evolution step 16: f(x)= -4.549999999999947
differential_evolution step 17: f(x)= -4.549999999999947
differential_evolution step 18: f(x)= -4.549999999999947
differential_evolution step 19: f(x)= -4.549999999999947
differential_evolution step 20: f(x)= -4.549999999999947
differential_evolution step 21: f(x)= -4.549999999999947
differential_evolution step 22: f(x)= -4.549999999999947
differential_evolution step 23: f(x)= -4.549999999999947
differential_evolution step 24: f(x)= -4.549999999999947
differential_evolution step 25: f(x)= -4.549999999999947
differential_evolution step 26: f(x)= -4.549999999999947
differential_evolution step 27: f(x)= -4.549999999999947
differential_evolution step 28: f(x)= -4.549999999999947
differential_evolution step 29: f(x)= -4.549999999999947
differential_evolution step 30: f(x)= -4.549999999999947
differential_evolution step 31: f(x)= -4.549999999999947
differential_evolution step 32: f(x)= -4.549999999999947
differential_evolution step 33: f(x)= -4.549999999999947
differential_evolution step 34: f(x)= -4.549999999999947
differential_evolution step 35: f(x)= -4.549999999999947
differential_evolution step 36: f(x)= -4.549999999999947
differential_evolution step 37: f(x)= -4.549999999999947
differential_evolution step 38: f(x)= -4.549999999999947
differential_evolution step 39: f(x)= -4.549999999999947
differential_evolution step 40: f(x)= -4.549999999999947
differential_evolution step 41: f(x)= -4.549999999999947
differential_evolution step 42: f(x)= -4.549999999999947
differential_evolution step 43: f(x)= -4.549999999999947
differential_evolution step 44: f(x)= -4.549999999999947
differential_evolution step 45: f(x)= -4.549999999999947
differential_evolution step 46: f(x)= -4.549999999999947
differential_evolution step 47: f(x)= -4.569999999999947
differential_evolution step 48: f(x)= -4.569999999999947
differential_evolution step 49: f(x)= -4.569999999999947
differential_evolution step 50: f(x)= -4.569999999999947
differential_evolution step 51: f(x)= -4.569999999999947
differential_evolution step 52: f(x)= -4.569999999999947
differential_evolution step 53: f(x)= -4.569999999999947
differential_evolution step 54: f(x)= -4.569999999999947
differential_evolution step 55: f(x)= -4.569999999999947
differential_evolution step 56: f(x)= -4.569999999999947
differential_evolution step 57: f(x)= -4.569999999999947
differential_evolution step 58: f(x)= -4.569999999999947
differential_evolution step 59: f(x)= -4.569999999999947
differential_evolution step 60: f(x)= -4.569999999999947
differential_evolution step 61: f(x)= -4.569999999999947
differential_evolution step 62: f(x)= -4.569999999999947
differential_evolution step 63: f(x)= -4.569999999999947
differential_evolution step 64: f(x)= -4.569999999999947
differential_evolution step 65: f(x)= -4.569999999999947
differential_evolution step 66: f(x)= -4.569999999999947
differential_evolution step 67: f(x)= -4.569999999999947
differential_evolution step 68: f(x)= -4.569999999999947
differential_evolution step 69: f(x)= -4.569999999999947
differential_evolution step 70: f(x)= -4.569999999999947
differential_evolution step 71: f(x)= -4.569999999999947
differential_evolution step 72: f(x)= -4.569999999999947
differential_evolution step 73: f(x)= -4.569999999999947
differential_evolution step 74: f(x)= -4.569999999999947
differential_evolution step 75: f(x)= -4.569999999999947
differential_evolution step 76: f(x)= -4.569999999999947
differential_evolution step 77: f(x)= -4.569999999999947
differential_evolution step 78: f(x)= -4.569999999999947
differential_evolution step 79: f(x)= -4.569999999999947
differential_evolution step 80: f(x)= -4.569999999999947
differential_evolution step 81: f(x)= -4.569999999999947
differential_evolution step 82: f(x)= -4.569999999999947
differential_evolution step 83: f(x)= -4.569999999999947
differential_evolution step 84: f(x)= -4.569999999999947
differential_evolution step 85: f(x)= -4.569999999999947
differential_evolution step 86: f(x)= -4.569999999999947
differential_evolution step 87: f(x)= -4.569999999999947
differential_evolution step 88: f(x)= -4.569999999999947
differential_evolution step 89: f(x)= -4.579999999999947
differential_evolution step 90: f(x)= -4.579999999999947
differential_evolution step 91: f(x)= -4.579999999999947
differential_evolution step 92: f(x)= -4.579999999999947
differential_evolution step 93: f(x)= -4.579999999999947
differential_evolution step 94: f(x)= -4.579999999999947
differential_evolution step 95: f(x)= -4.579999999999947
differential_evolution step 96: f(x)= -4.579999999999947
differential_evolution step 97: f(x)= -4.579999999999947
differential_evolution step 98: f(x)= -4.579999999999947
differential_evolution step 99: f(x)= -4.579999999999947
differential_evolution step 100: f(x)= -4.579999999999947
differential_evolution step 101: f(x)= -4.579999999999947
differential_evolution step 102: f(x)= -4.579999999999947
differential_evolution step 103: f(x)= -4.579999999999947
differential_evolution step 104: f(x)= -4.579999999999947
differential_evolution step 105: f(x)= -4.579999999999947
differential_evolution step 106: f(x)= -4.579999999999947
differential_evolution step 107: f(x)= -4.579999999999947
differential_evolution step 108: f(x)= -4.579999999999947
differential_evolution step 109: f(x)= -4.579999999999947
differential_evolution step 110: f(x)= -4.579999999999947
differential_evolution step 111: f(x)= -4.579999999999947
differential_evolution step 112: f(x)= -4.579999999999947
differential_evolution step 113: f(x)= -4.579999999999947
differential_evolution step 114: f(x)= -4.579999999999947
differential_evolution step 115: f(x)= -4.579999999999947
differential_evolution step 116: f(x)= -4.579999999999947
differential_evolution step 117: f(x)= -4.579999999999947
differential_evolution step 118: f(x)= -4.579999999999947
differential_evolution step 119: f(x)= -4.579999999999947
differential_evolution step 120: f(x)= -4.579999999999947
differential_evolution step 121: f(x)= -4.579999999999947
differential_evolution step 122: f(x)= -4.579999999999947
differential_evolution step 123: f(x)= -4.579999999999947
differential_evolution step 124: f(x)= -4.579999999999947
differential_evolution step 125: f(x)= -4.579999999999947
differential_evolution step 126: f(x)= -4.579999999999947
differential_evolution step 127: f(x)= -4.579999999999947
differential_evolution step 128: f(x)= -4.579999999999947
differential_evolution step 129: f(x)= -4.579999999999947
differential_evolution step 130: f(x)= -4.579999999999947
differential_evolution step 131: f(x)= -4.579999999999947
differential_evolution step 132: f(x)= -4.579999999999947
differential_evolution step 133: f(x)= -4.579999999999947
differential_evolution step 134: f(x)= -4.579999999999947
differential_evolution step 135: f(x)= -4.579999999999947
differential_evolution step 136: f(x)= -4.579999999999947
differential_evolution step 137: f(x)= -4.579999999999947
differential_evolution step 138: f(x)= -4.579999999999947
differential_evolution step 139: f(x)= -4.579999999999947
differential_evolution step 140: f(x)= -4.579999999999947
differential_evolution step 141: f(x)= -4.579999999999947
differential_evolution step 142: f(x)= -4.579999999999947
differential_evolution step 143: f(x)= -4.579999999999947
differential_evolution step 144: f(x)= -4.579999999999947
differential_evolution step 145: f(x)= -4.579999999999947
differential_evolution step 146: f(x)= -4.579999999999947
differential_evolution step 147: f(x)= -4.579999999999947
differential_evolution step 148: f(x)= -4.579999999999947
differential_evolution step 149: f(x)= -4.579999999999947
differential_evolution step 150: f(x)= -4.579999999999947
differential_evolution step 151: f(x)= -4.579999999999947
differential_evolution step 152: f(x)= -4.579999999999947
differential_evolution step 153: f(x)= -4.579999999999947
differential_evolution step 154: f(x)= -4.579999999999947
differential_evolution step 155: f(x)= -4.579999999999947
differential_evolution step 156: f(x)= -4.579999999999947
differential_evolution step 157: f(x)= -4.579999999999947
differential_evolution step 158: f(x)= -4.579999999999947
differential_evolution step 159: f(x)= -4.579999999999947
differential_evolution step 160: f(x)= -4.579999999999947
differential_evolution step 161: f(x)= -4.579999999999947
differential_evolution step 162: f(x)= -4.579999999999947
differential_evolution step 163: f(x)= -4.579999999999947
differential_evolution step 164: f(x)= -4.579999999999947
differential_evolution step 165: f(x)= -4.579999999999947
differential_evolution step 166: f(x)= -4.579999999999947
differential_evolution step 167: f(x)= -4.579999999999947
differential_evolution step 168: f(x)= -4.579999999999947
differential_evolution step 169: f(x)= -4.579999999999947
differential_evolution step 170: f(x)= -4.579999999999947
differential_evolution step 171: f(x)= -4.579999999999947
differential_evolution step 172: f(x)= -4.579999999999947
differential_evolution step 173: f(x)= -4.579999999999947
differential_evolution step 174: f(x)= -4.579999999999947
differential_evolution step 175: f(x)= -4.579999999999947
differential_evolution step 176: f(x)= -4.579999999999947
differential_evolution step 177: f(x)= -4.579999999999947
differential_evolution step 178: f(x)= -4.579999999999947
differential_evolution step 179: f(x)= -4.579999999999947
differential_evolution step 180: f(x)= -4.579999999999947
differential_evolution step 181: f(x)= -4.579999999999947
differential_evolution step 182: f(x)= -4.579999999999947
differential_evolution step 183: f(x)= -4.579999999999947
differential_evolution step 184: f(x)= -4.579999999999947
differential_evolution step 185: f(x)= -4.579999999999947
differential_evolution step 186: f(x)= -4.579999999999947
differential_evolution step 187: f(x)= -4.579999999999947
differential_evolution step 188: f(x)= -4.579999999999947
differential_evolution step 189: f(x)= -4.579999999999947
differential_evolution step 190: f(x)= -4.579999999999947
differential_evolution step 191: f(x)= -4.579999999999947
differential_evolution step 192: f(x)= -4.579999999999947
differential_evolution step 193: f(x)= -4.579999999999947
differential_evolution step 194: f(x)= -4.579999999999947
differential_evolution step 195: f(x)= -4.579999999999947
differential_evolution step 196: f(x)= -4.579999999999947
differential_evolution step 197: f(x)= -4.579999999999947
differential_evolution step 198: f(x)= -4.579999999999947
differential_evolution step 199: f(x)= -4.579999999999947
differential_evolution step 200: f(x)= -4.579999999999947

DE 最优解 (raw): [ 0.11380091 78.65391371  0.43799384  0.72667788]
DE 最优遮蔽时长 (s): 4.579999999999947

#DE3
D = 4 NP_total = 400 popsize_per_dim = 100
init_pop.shape = (400, 4) dtype= float64
differential_evolution step 1: f(x)= -4.559999999999947
differential_evolution step 2: f(x)= -4.559999999999947
differential_evolution step 3: f(x)= -4.559999999999947
differential_evolution step 4: f(x)= -4.559999999999947
differential_evolution step 5: f(x)= -4.559999999999947
differential_evolution step 6: f(x)= -4.559999999999947
differential_evolution step 7: f(x)= -4.559999999999947
differential_evolution step 8: f(x)= -4.559999999999947
differential_evolution step 9: f(x)= -4.559999999999947
differential_evolution step 10: f(x)= -4.559999999999947
differential_evolution step 11: f(x)= -4.559999999999947
differential_evolution step 12: f(x)= -4.559999999999947
differential_evolution step 13: f(x)= -4.559999999999947
differential_evolution step 14: f(x)= -4.559999999999947
differential_evolution step 15: f(x)= -4.559999999999947
differential_evolution step 16: f(x)= -4.559999999999947
differential_evolution step 17: f(x)= -4.569999999999947
differential_evolution step 18: f(x)= -4.569999999999947
differential_evolution step 19: f(x)= -4.569999999999947
differential_evolution step 20: f(x)= -4.569999999999947
differential_evolution step 21: f(x)= -4.569999999999947
differential_evolution step 22: f(x)= -4.569999999999947
differential_evolution step 23: f(x)= -4.569999999999947
differential_evolution step 24: f(x)= -4.569999999999947
differential_evolution step 25: f(x)= -4.569999999999947
differential_evolution step 26: f(x)= -4.569999999999947
differential_evolution step 27: f(x)= -4.569999999999947
differential_evolution step 28: f(x)= -4.569999999999947
differential_evolution step 29: f(x)= -4.569999999999947
differential_evolution step 30: f(x)= -4.569999999999947
differential_evolution step 31: f(x)= -4.569999999999947
differential_evolution step 32: f(x)= -4.569999999999947
differential_evolution step 33: f(x)= -4.569999999999947
differential_evolution step 34: f(x)= -4.569999999999947
differential_evolution step 35: f(x)= -4.569999999999947
differential_evolution step 36: f(x)= -4.569999999999947
differential_evolution step 37: f(x)= -4.569999999999947
differential_evolution step 38: f(x)= -4.569999999999947
differential_evolution step 39: f(x)= -4.569999999999947
differential_evolution step 40: f(x)= -4.569999999999947
differential_evolution step 41: f(x)= -4.569999999999947
differential_evolution step 42: f(x)= -4.569999999999947
differential_evolution step 43: f(x)= -4.569999999999947
differential_evolution step 44: f(x)= -4.569999999999947
differential_evolution step 45: f(x)= -4.569999999999947
differential_evolution step 46: f(x)= -4.569999999999947
differential_evolution step 47: f(x)= -4.569999999999947
differential_evolution step 48: f(x)= -4.569999999999947
differential_evolution step 49: f(x)= -4.569999999999947
differential_evolution step 50: f(x)= -4.569999999999947
differential_evolution step 51: f(x)= -4.569999999999947
differential_evolution step 52: f(x)= -4.569999999999947
differential_evolution step 53: f(x)= -4.569999999999947
differential_evolution step 54: f(x)= -4.569999999999947
differential_evolution step 55: f(x)= -4.569999999999947
differential_evolution step 56: f(x)= -4.569999999999947
differential_evolution step 57: f(x)= -4.569999999999947
differential_evolution step 58: f(x)= -4.569999999999947
differential_evolution step 59: f(x)= -4.569999999999947
differential_evolution step 60: f(x)= -4.569999999999947
differential_evolution step 61: f(x)= -4.569999999999947
differential_evolution step 62: f(x)= -4.569999999999947
differential_evolution step 63: f(x)= -4.569999999999947
differential_evolution step 64: f(x)= -4.569999999999947
differential_evolution step 65: f(x)= -4.569999999999947
differential_evolution step 66: f(x)= -4.569999999999947
differential_evolution step 67: f(x)= -4.569999999999947
differential_evolution step 68: f(x)= -4.579999999999947
differential_evolution step 69: f(x)= -4.579999999999947
differential_evolution step 70: f(x)= -4.579999999999947
differential_evolution step 71: f(x)= -4.579999999999947
differential_evolution step 72: f(x)= -4.579999999999947
differential_evolution step 73: f(x)= -4.579999999999947
differential_evolution step 74: f(x)= -4.579999999999947
differential_evolution step 75: f(x)= -4.579999999999947
differential_evolution step 76: f(x)= -4.579999999999947
differential_evolution step 77: f(x)= -4.579999999999947
differential_evolution step 78: f(x)= -4.579999999999947
differential_evolution step 79: f(x)= -4.579999999999947
differential_evolution step 80: f(x)= -4.579999999999947
differential_evolution step 81: f(x)= -4.579999999999947
differential_evolution step 82: f(x)= -4.579999999999947
differential_evolution step 83: f(x)= -4.579999999999947
differential_evolution step 84: f(x)= -4.579999999999947
differential_evolution step 85: f(x)= -4.589999999999947
differential_evolution step 86: f(x)= -4.589999999999947
differential_evolution step 87: f(x)= -4.589999999999947
differential_evolution step 88: f(x)= -4.589999999999947
differential_evolution step 89: f(x)= -4.589999999999947
differential_evolution step 90: f(x)= -4.589999999999947
differential_evolution step 91: f(x)= -4.589999999999947
differential_evolution step 92: f(x)= -4.589999999999947
differential_evolution step 93: f(x)= -4.589999999999947
differential_evolution step 94: f(x)= -4.589999999999947
differential_evolution step 95: f(x)= -4.589999999999947
differential_evolution step 96: f(x)= -4.589999999999947
differential_evolution step 97: f(x)= -4.589999999999947
differential_evolution step 98: f(x)= -4.589999999999947
differential_evolution step 99: f(x)= -4.589999999999947
differential_evolution step 100: f(x)= -4.589999999999947
differential_evolution step 101: f(x)= -4.589999999999947
differential_evolution step 102: f(x)= -4.589999999999947
differential_evolution step 103: f(x)= -4.589999999999947
differential_evolution step 104: f(x)= -4.589999999999947
differential_evolution step 105: f(x)= -4.589999999999947
differential_evolution step 106: f(x)= -4.589999999999947
differential_evolution step 107: f(x)= -4.589999999999947
differential_evolution step 108: f(x)= -4.589999999999947
differential_evolution step 109: f(x)= -4.589999999999947
differential_evolution step 110: f(x)= -4.589999999999947
differential_evolution step 111: f(x)= -4.589999999999947
differential_evolution step 112: f(x)= -4.589999999999947
differential_evolution step 113: f(x)= -4.589999999999947
differential_evolution step 114: f(x)= -4.589999999999947
differential_evolution step 115: f(x)= -4.589999999999947
differential_evolution step 116: f(x)= -4.589999999999947
differential_evolution step 117: f(x)= -4.589999999999947
differential_evolution step 118: f(x)= -4.589999999999947
differential_evolution step 119: f(x)= -4.589999999999947
differential_evolution step 120: f(x)= -4.589999999999947
differential_evolution step 121: f(x)= -4.589999999999947
differential_evolution step 122: f(x)= -4.589999999999947
differential_evolution step 123: f(x)= -4.589999999999947
differential_evolution step 124: f(x)= -4.589999999999947
differential_evolution step 125: f(x)= -4.589999999999947
differential_evolution step 126: f(x)= -4.589999999999947
differential_evolution step 127: f(x)= -4.589999999999947
differential_evolution step 128: f(x)= -4.589999999999947
differential_evolution step 129: f(x)= -4.589999999999947
differential_evolution step 130: f(x)= -4.589999999999947
differential_evolution step 131: f(x)= -4.589999999999947
differential_evolution step 132: f(x)= -4.589999999999947
differential_evolution step 133: f(x)= -4.589999999999947
differential_evolution step 134: f(x)= -4.589999999999947
differential_evolution step 135: f(x)= -4.589999999999947
differential_evolution step 136: f(x)= -4.589999999999947
differential_evolution step 137: f(x)= -4.589999999999947
differential_evolution step 138: f(x)= -4.589999999999947
differential_evolution step 139: f(x)= -4.589999999999947
differential_evolution step 140: f(x)= -4.589999999999947
differential_evolution step 141: f(x)= -4.589999999999947
differential_evolution step 142: f(x)= -4.589999999999947
differential_evolution step 143: f(x)= -4.589999999999947
differential_evolution step 144: f(x)= -4.589999999999947
differential_evolution step 145: f(x)= -4.589999999999947
differential_evolution step 146: f(x)= -4.589999999999947
differential_evolution step 147: f(x)= -4.589999999999947
differential_evolution step 148: f(x)= -4.589999999999947
differential_evolution step 149: f(x)= -4.589999999999947
differential_evolution step 150: f(x)= -4.589999999999947
differential_evolution step 151: f(x)= -4.589999999999947
differential_evolution step 152: f(x)= -4.589999999999947
differential_evolution step 153: f(x)= -4.589999999999947
differential_evolution step 154: f(x)= -4.589999999999947
differential_evolution step 155: f(x)= -4.589999999999947
differential_evolution step 156: f(x)= -4.589999999999947
differential_evolution step 157: f(x)= -4.589999999999947
differential_evolution step 158: f(x)= -4.589999999999947
differential_evolution step 159: f(x)= -4.589999999999947
differential_evolution step 160: f(x)= -4.589999999999947
differential_evolution step 161: f(x)= -4.589999999999947
differential_evolution step 162: f(x)= -4.589999999999947
differential_evolution step 163: f(x)= -4.589999999999947
differential_evolution step 164: f(x)= -4.589999999999947
differential_evolution step 165: f(x)= -4.589999999999947
differential_evolution step 166: f(x)= -4.589999999999947
differential_evolution step 167: f(x)= -4.589999999999947
differential_evolution step 168: f(x)= -4.589999999999947
differential_evolution step 169: f(x)= -4.589999999999947
differential_evolution step 170: f(x)= -4.589999999999947
differential_evolution step 171: f(x)= -4.589999999999947
differential_evolution step 172: f(x)= -4.589999999999947
differential_evolution step 173: f(x)= -4.589999999999947
differential_evolution step 174: f(x)= -4.589999999999947
differential_evolution step 175: f(x)= -4.589999999999947
differential_evolution step 176: f(x)= -4.589999999999947
differential_evolution step 177: f(x)= -4.589999999999947
differential_evolution step 178: f(x)= -4.589999999999947
differential_evolution step 179: f(x)= -4.589999999999947
differential_evolution step 180: f(x)= -4.589999999999947
differential_evolution step 181: f(x)= -4.589999999999947
differential_evolution step 182: f(x)= -4.589999999999947
differential_evolution step 183: f(x)= -4.589999999999947
differential_evolution step 184: f(x)= -4.589999999999947
differential_evolution step 185: f(x)= -4.589999999999947
differential_evolution step 186: f(x)= -4.589999999999947
differential_evolution step 187: f(x)= -4.589999999999947
differential_evolution step 188: f(x)= -4.589999999999947
differential_evolution step 189: f(x)= -4.589999999999947
differential_evolution step 190: f(x)= -4.589999999999947
differential_evolution step 191: f(x)= -4.589999999999947
differential_evolution step 192: f(x)= -4.589999999999947
differential_evolution step 193: f(x)= -4.589999999999947
differential_evolution step 194: f(x)= -4.589999999999947
differential_evolution step 195: f(x)= -4.589999999999947
differential_evolution step 196: f(x)= -4.589999999999947
differential_evolution step 197: f(x)= -4.589999999999947
differential_evolution step 198: f(x)= -4.589999999999947
differential_evolution step 199: f(x)= -4.589999999999947
differential_evolution step 200: f(x)= -4.589999999999947

DE 最优解 (raw): [  0.11       101.68222634   0.3          0.69092197]
DE 最优遮蔽时长 (s): 4.589999999999947

开始局部精调（Nelder-Mead）...
Nelder-Mead 结果: [  0.11       101.68222634   0.3          0.69092197] 遮蔽 (s): 4.589999999999947

最终解: [  0.11       101.68222634   0.3          0.69092197] 最终遮蔽时长(s): 4.589999999999947

Problem 2 solved. Best params (theta [rad], v [m/s], t_drop [s], tau [s]):
[  0.11       101.68222634   0.3          0.69092197]

#DE4
    for theta in [0.02, 0.11, 0.2,0.3]:
        for v in [80, 100, 120]:
            for t_drop in [0.1, 0.6,1.2,2.0]:
                for tau in [0.2, 0.7, 1.2,1.7]:
                    seeds.append(np.array([theta, v, t_drop, tau], dtype=float))

            fitness,
        bounds,
        strategy='rand1bin',
        maxiter=maxiter,
        popsize=popsize_per_dim,
        init=init_pop,
        mutation=(0.6, 0.9),
        recombination=0.3,
        tol=1e-6,


D = 4 NP_total = 200 popsize_per_dim = 50
init_pop.shape = (200, 4) dtype= float64
differential_evolution step 1: f(x)= -4.579999999999947
differential_evolution step 2: f(x)= -4.579999999999947
differential_evolution step 3: f(x)= -4.579999999999947
differential_evolution step 4: f(x)= -4.579999999999947
differential_evolution step 5: f(x)= -4.579999999999947
differential_evolution step 6: f(x)= -4.589999999999947
differential_evolution step 7: f(x)= -4.589999999999947
differential_evolution step 8: f(x)= -4.589999999999947
differential_evolution step 9: f(x)= -4.589999999999947
differential_evolution step 10: f(x)= -4.589999999999947
differential_evolution step 11: f(x)= -4.589999999999947
differential_evolution step 12: f(x)= -4.589999999999947
differential_evolution step 13: f(x)= -4.589999999999947
differential_evolution step 14: f(x)= -4.589999999999947
differential_evolution step 15: f(x)= -4.589999999999947
differential_evolution step 16: f(x)= -4.589999999999947
differential_evolution step 17: f(x)= -4.589999999999947
differential_evolution step 18: f(x)= -4.589999999999947
differential_evolution step 19: f(x)= -4.589999999999947
differential_evolution step 20: f(x)= -4.589999999999947
differential_evolution step 21: f(x)= -4.589999999999947
differential_evolution step 22: f(x)= -4.589999999999947
differential_evolution step 23: f(x)= -4.589999999999947
differential_evolution step 24: f(x)= -4.589999999999947
differential_evolution step 25: f(x)= -4.589999999999947
differential_evolution step 26: f(x)= -4.589999999999947
differential_evolution step 27: f(x)= -4.589999999999947
differential_evolution step 28: f(x)= -4.589999999999947
differential_evolution step 29: f(x)= -4.589999999999947
differential_evolution step 30: f(x)= -4.589999999999947
differential_evolution step 31: f(x)= -4.589999999999947
differential_evolution step 32: f(x)= -4.589999999999947
differential_evolution step 33: f(x)= -4.589999999999947
differential_evolution step 34: f(x)= -4.589999999999947
differential_evolution step 35: f(x)= -4.589999999999947
differential_evolution step 36: f(x)= -4.589999999999947
differential_evolution step 37: f(x)= -4.589999999999947
differential_evolution step 38: f(x)= -4.589999999999947
differential_evolution step 39: f(x)= -4.589999999999947
differential_evolution step 40: f(x)= -4.589999999999947
differential_evolution step 41: f(x)= -4.589999999999947
differential_evolution step 42: f(x)= -4.589999999999947
differential_evolution step 43: f(x)= -4.589999999999947
differential_evolution step 44: f(x)= -4.589999999999947
differential_evolution step 45: f(x)= -4.589999999999947
differential_evolution step 46: f(x)= -4.589999999999947
differential_evolution step 47: f(x)= -4.589999999999947
differential_evolution step 48: f(x)= -4.589999999999947
differential_evolution step 49: f(x)= -4.589999999999947
differential_evolution step 50: f(x)= -4.589999999999947
differential_evolution step 51: f(x)= -4.589999999999947
differential_evolution step 52: f(x)= -4.589999999999947
differential_evolution step 53: f(x)= -4.589999999999947
differential_evolution step 54: f(x)= -4.589999999999947
differential_evolution step 55: f(x)= -4.589999999999947
differential_evolution step 56: f(x)= -4.589999999999947
differential_evolution step 57: f(x)= -4.589999999999947
differential_evolution step 58: f(x)= -4.589999999999947
differential_evolution step 59: f(x)= -4.589999999999947
differential_evolution step 60: f(x)= -4.589999999999947
differential_evolution step 61: f(x)= -4.589999999999947
differential_evolution step 62: f(x)= -4.589999999999947
differential_evolution step 63: f(x)= -4.589999999999947
differential_evolution step 64: f(x)= -4.589999999999947
differential_evolution step 65: f(x)= -4.589999999999947
differential_evolution step 66: f(x)= -4.589999999999947
differential_evolution step 67: f(x)= -4.589999999999947
differential_evolution step 68: f(x)= -4.589999999999947
differential_evolution step 69: f(x)= -4.589999999999947
differential_evolution step 70: f(x)= -4.589999999999947
differential_evolution step 71: f(x)= -4.589999999999947
differential_evolution step 72: f(x)= -4.589999999999947
differential_evolution step 73: f(x)= -4.589999999999947
differential_evolution step 74: f(x)= -4.589999999999947
differential_evolution step 75: f(x)= -4.589999999999947
differential_evolution step 76: f(x)= -4.589999999999947
differential_evolution step 77: f(x)= -4.589999999999947
differential_evolution step 78: f(x)= -4.589999999999947
differential_evolution step 79: f(x)= -4.589999999999947
differential_evolution step 80: f(x)= -4.589999999999947
differential_evolution step 81: f(x)= -4.589999999999947
differential_evolution step 82: f(x)= -4.589999999999947
differential_evolution step 83: f(x)= -4.589999999999947
differential_evolution step 84: f(x)= -4.589999999999947
differential_evolution step 85: f(x)= -4.589999999999947
differential_evolution step 86: f(x)= -4.589999999999947
differential_evolution step 87: f(x)= -4.589999999999947
differential_evolution step 88: f(x)= -4.589999999999947
differential_evolution step 89: f(x)= -4.589999999999947
differential_evolution step 90: f(x)= -4.589999999999947
differential_evolution step 91: f(x)= -4.589999999999947
differential_evolution step 92: f(x)= -4.589999999999947
differential_evolution step 93: f(x)= -4.589999999999947
differential_evolution step 94: f(x)= -4.589999999999947
differential_evolution step 95: f(x)= -4.589999999999947
differential_evolution step 96: f(x)= -4.589999999999947
differential_evolution step 97: f(x)= -4.589999999999947
differential_evolution step 98: f(x)= -4.589999999999947
differential_evolution step 99: f(x)= -4.589999999999947
differential_evolution step 100: f(x)= -4.589999999999947

DE 最优解 (raw): [1.10000000e-01 1.35544434e+02 1.00000000e-01 6.59166662e-01]
DE 最优遮蔽时长 (s): 4.589999999999947

开始局部精调（Nelder-Mead）...
Nelder-Mead 结果: [1.10000000e-01 1.35544434e+02 1.00000000e-01 6.59166662e-01] 遮蔽 (s): 4.589999999999947

最终解: [1.10000000e-01 1.35544434e+02 1.00000000e-01 6.59166662e-01] 最终遮蔽时长(s): 4.589999999999947

Problem 2 solved. Best params (theta [rad], v [m/s], t_drop [s], tau [s]):
[1.10000000e-01 1.35544434e+02 1.00000000e-01 6.59166662e-01]



#CMA1
[1.12865605e-01,1.35582247e+02,1.24842007e-01,6.73098919e-01]
0.1 step  20 population

(10_w,20)-aCMA-ES (mu_w=5.9,w_1=27%) in dimension 4 (seed=254316, Sat Sep  6 15:51:17 2025)
Iterat #Fevals   function value  axis ratio  sigma  min&max std  t[m:s]
    1     20 -4.569999999999947e+00 1.0e+00 1.08e-01  9e-02  1e-01 0:04.0
    2     40 -4.539999999999948e+00 1.5e+00 1.16e-01  9e-02  1e-01 0:08.2
    3     60 -4.579999999999947e+00 1.7e+00 1.22e-01  7e-02  2e-01 0:12.5
    4     80 -4.569999999999947e+00 2.4e+00 1.10e-01  5e-02  1e-01 0:16.8
    5    100 -4.589999999999947e+00 3.3e+00 9.74e-02  3e-02  1e-01 0:21.3
    6    120 -4.579999999999947e+00 3.9e+00 7.49e-02  2e-02  8e-02 0:25.7
    7    140 -4.589999999999947e+00 4.5e+00 7.48e-02  2e-02  9e-02 0:30.2
    8    160 -4.579999999999947e+00 5.1e+00 6.32e-02  1e-02  7e-02 0:34.7
    9    180 -4.579999999999947e+00 5.7e+00 7.24e-02  1e-02  9e-02 0:39.2
   10    200 -4.589999999999947e+00 1.0e+01 8.55e-02  1e-02  1e-01 0:43.7
Iterat #Fevals   function value  axis ratio  sigma  min&max std  t[m:s]
   11    220 -4.589999999999947e+00 1.2e+01 7.65e-02  9e-03  9e-02 0:48.2
   12    240 -4.589999999999947e+00 1.4e+01 6.26e-02  7e-03  7e-02 0:52.7
   13    260 -4.589999999999947e+00 1.6e+01 6.64e-02  8e-03  8e-02 0:57.2
   14    280 -4.589999999999947e+00 1.5e+01 6.92e-02  7e-03  8e-02 1:01.7
   15    300 -4.589999999999947e+00 1.9e+01 6.56e-02  6e-03  7e-02 1:06.3
   16    320 -4.589999999999947e+00 1.7e+01 6.57e-02  6e-03  6e-02 1:10.7
   17    340 -4.589999999999947e+00 1.5e+01 6.89e-02  6e-03  6e-02 1:15.3
   18    360 -4.589999999999947e+00 1.8e+01 6.29e-02  5e-03  6e-02 1:20.0
   19    380 -4.589999999999947e+00 1.9e+01 9.30e-02  9e-03  1e-01 1:24.6
   20    400 -4.589999999999947e+00 2.6e+01 9.64e-02  1e-02  1e-01 1:29.2
Iterat #Fevals   function value  axis ratio  sigma  min&max std  t[m:s]
   21    420 -4.589999999999947e+00 2.8e+01 9.22e-02  8e-03  9e-02 1:36.7
   22    440 -4.589999999999947e+00 2.6e+01 8.83e-02  7e-03  9e-02 1:41.3
   23    460 -4.589999999999947e+00 3.0e+01 8.64e-02  7e-03  1e-01 1:45.9
   24    480 -4.589999999999947e+00 3.9e+01 9.21e-02  7e-03  9e-02 1:50.5
   25    500 -4.589999999999947e+00 3.5e+01 8.72e-02  6e-03  8e-02 1:55.0

=== CMA-ES 优化结果 ===
最佳解参数: [1.17352171e-01 1.35653862e+02 3.62537115e-02 7.13716771e-01]
最大遮蔽时长 (s): 4.589999999999947

#CMA2
population 50 step 0.05
(25_w,50)-aCMA-ES (mu_w=14.0,w_1=14%) in dimension 4 (seed=248441, Sat Sep  6 15:57:49 2025)
Iterat #Fevals   function value  axis ratio  sigma  min&max std  t[m:s]
    1     50 -4.589999999999947e+00 1.0e+00 5.06e-02  3e-02  5e-02 0:14.8
    2    100 -4.589999999999947e+00 1.6e+00 5.74e-02  3e-02  6e-02 0:28.0
    3    150 -4.589999999999947e+00 2.8e+00 5.62e-02  2e-02  6e-02 0:39.4
    4    200 -4.589999999999947e+00 3.9e+00 4.96e-02  1e-02  6e-02 0:50.7
    5    250 -4.589999999999947e+00 6.7e+00 5.21e-02  7e-03  6e-02 1:02.0
    6    300 -4.589999999999947e+00 8.3e+00 4.76e-02  5e-03  5e-02 1:13.2
    7    350 -4.589999999999947e+00 1.1e+01 4.57e-02  4e-03  6e-02 1:24.6
    8    400 -4.589999999999947e+00 1.5e+01 4.19e-02  3e-03  5e-02 1:35.9
    9    450 -4.589999999999947e+00 2.0e+01 3.63e-02  2e-03  4e-02 1:47.3
   10    500 -4.589999999999947e+00 2.3e+01 3.53e-02  2e-03  5e-02 1:58.5

=== CMA-ES 优化结果 ===
最佳解参数: [1.17570378e-01 1.35605563e+02 1.83344466e-02 7.25669728e-01]
最大遮蔽时长 (s): 4.589999999999947

#CMA3
dt=0.001, population=20,step=0.05
[1.17352171e-01,1.35653862e+02,3.62537115e-02,7.13716771e-01]

(10_w,20)-aCMA-ES (mu_w=5.9,w_1=27%) in dimension 4 (seed=230784, Sat Sep  6 16:08:32 2025)
Iterat #Fevals   function value  axis ratio  sigma  min&max std  t[m:s]
    1     20 -4.574999999999863e+00 1.0e+00 4.25e-02  4e-02  4e-02 0:54.2
    2     40 -4.588999999999867e+00 1.4e+00 3.41e-02  2e-02  3e-02 1:59.1
    3     60 -4.589999999999868e+00 1.6e+00 3.73e-02  2e-02  4e-02 2:48.1
    4     80 -4.586999999999867e+00 2.3e+00 3.00e-02  1e-02  3e-02 3:47.3
    5    100 -4.587999999999867e+00 2.6e+00 2.38e-02  8e-03  2e-02 4:50.9
    6    120 -4.587999999999867e+00 3.5e+00 2.36e-02  6e-03  3e-02 5:36.7
    7    140 -4.588999999999867e+00 5.3e+00 2.10e-02  4e-03  2e-02 6:22.5
    8    160 -4.588999999999867e+00 6.4e+00 2.19e-02  3e-03  2e-02 7:08.6
    9    180 -4.589999999999868e+00 8.5e+00 2.12e-02  3e-03  2e-02 7:55.2
   10    200 -4.589999999999868e+00 1.0e+01 1.97e-02  3e-03  2e-02 8:58.7
Iterat #Fevals   function value  axis ratio  sigma  min&max std  t[m:s]
   11    220 -4.589999999999868e+00 1.1e+01 1.82e-02  2e-03  2e-02 9:53.5
   12    240 -4.590999999999868e+00 1.2e+01 1.46e-02  2e-03  1e-02 10:47.7
   13    260 -4.589999999999868e+00 1.2e+01 1.66e-02  2e-03  2e-02 11:33.1
   14    280 -4.590999999999868e+00 1.2e+01 1.51e-02  2e-03  1e-02 12:19.2
   15    300 -4.589999999999868e+00 1.2e+01 1.38e-02  1e-03  1e-02 13:04.6
   16    320 -4.589999999999868e+00 1.3e+01 1.22e-02  1e-03  1e-02 14:04.0
   17    340 -4.590999999999868e+00 1.3e+01 1.01e-02  9e-04  8e-03 14:57.1
   18    360 -4.590999999999868e+00 1.3e+01 1.10e-02  9e-04  8e-03 15:43.5
   19    380 -4.590999999999868e+00 1.2e+01 1.04e-02  8e-04  8e-03 16:29.8
   20    400 -4.590999999999868e+00 1.3e+01 1.09e-02  9e-04  8e-03 17:15.3
Iterat #Fevals   function value  axis ratio  sigma  min&max std  t[m:s]
   21    420 -4.590999999999868e+00 1.2e+01 1.28e-02  1e-03  1e-02 18:00.1
   22    440 -4.590999999999868e+00 1.4e+01 1.21e-02  9e-04  9e-03 18:44.3
   23    460 -4.590999999999868e+00 1.3e+01 1.17e-02  8e-04  1e-02 19:28.0
   24    480 -4.590999999999868e+00 1.5e+01 1.07e-02  7e-04  9e-03 20:14.0
   25    500 -4.590999999999868e+00 1.8e+01 9.93e-03  6e-04  9e-03 21:05.5
   26    520 -4.590999999999868e+00 2.2e+01 8.84e-03  5e-04  8e-03 21:50.6
   27    540 -4.590999999999868e+00 2.4e+01 7.55e-03  4e-04  7e-03 22:43.9
   28    560 -4.590999999999868e+00 2.5e+01 6.43e-03  3e-04  5e-03 23:39.8
   29    580 -4.590999999999868e+00 2.4e+01 5.54e-03  3e-04  4e-03 24:31.3
   30    600 -4.590999999999868e+00 2.4e+01 5.25e-03  2e-04  4e-03 25:20.5
Iterat #Fevals   function value  axis ratio  sigma  min&max std  t[m:s]
   31    620 -4.590999999999868e+00 2.8e+01 5.46e-03  2e-04  4e-03 26:16.7
   32    640 -4.590999999999868e+00 2.3e+01 5.13e-03  2e-04  3e-03 27:09.3


=== CMA-ES 优化结果 ===
最佳解参数: [1.18989219e-01 1.35689599e+02 3.64185850e-02 7.25850172e-01]
最大遮蔽时长 (s): 4.590999999999868

